MOEUCEAUJIONCÈGUÈÉSBEZ
OIKJÈSEUTIONJOCENPHEAUPHON
NAHAUBLOIGFERTAINONPH
VÉAKORNETGNOEURÉLEINGLO
PLENOKRÈVROGRANPHÈTTRA
PHENJPEUCAUSEUKEGOITPHOR
SEREILDROREAUNOAGAINSOD
TOUANJPECHONCMOIVGNAUPÉU
PHAIBEAUPLISONANVGEOUKOUL
SINONRTRAUTRAUVRONMEZVÉN
BIKEAUBIONGEOUFRENUSHÊ
VOINLÉIBOPGNOICEUPOUCOUK
ATKOEUANPHONPDAUCHUDGÉ
LABUPDIENPONJAUCRÈFEIN
ZEMUFÈFPENOTGUBVRA
AUDAVQUINOILDABRAUCOI
GNÈDERPOICREILUZGAINTOP
XONONJBOPPERMOINFAIFAT
GEOUMUJSÉRANANRDABTÉ
CHEZGNANFICGROISÉIFOINPOM
PHÊXÈKOIGRANKAFAICAI
TEZOUSQUOUBÉMIONAUCNOA
LEMPHANKÉACATIFZÉBLÉ
EBNOEUTIBKEUMÉASÈIDEA
VONLBÈSZINNOEUPAZBÉVLAN
GROIZIRÊTRAOGPRUBÈS
BOEUGROIROKLODBOIGJELÉ
ROUJIMOSCEMTAISICBÈS
CHOIOLOSQUOAPVRAPO
KRUVOIZGLUVRONDROCLONAIN
LÉZKEGMOIVPHÉAVIONTIBDE
MEAUTUDKRICÊKETAUMJOI
PHONVRADAZCHERCOULPIMKLÉ
JOUKUOFEZVUPLONSETCHÈK
XAQUAILERMIJDAMCADOUTION
LICVEINKÉÇANOMUTIONPHAB
LOUKINTUIOIGMOIVOITIONCLÈ
BRÉLOINVÉNGRADURPHABGEOU
UNTIONNAINIPOPKAJERAK
PEZINPHENJJINGAUSOANO
POMVUNMINOBQUIENSEINMIEN
FLIGROUCLOCHEZOCHKLAUFIA
ÈTBÊKENFLOFOURLÉZEITION
PRAMEAUQUEIPENTOIDINTION
NOLAUKGEUSOUFURVUTGNEU
CHONFLÉLANEMDOIGENGEU
BOIGNICHEZPHERGRÈAUGLAM
DALCHETMÈJOINTRÉGRAULION
MÈBLUKERTRIHÈEGMIN
HEAUZANMÉUREVCHOUJLIRPHOR
AUBUPHGNIFÊDUTFÈONG
PIMJEZGOITVOIZKRACAIDÉO
XAINJIENPUCAUSPHETRÉUKRAU
CHIDÉVLAGTINOPHDOZA
VEUSELÉAFICMAUCLAUGE
VÈFANMINXÈGNAUZEAUCHEO
NOIKOINAGDOIALMOURUC
AURNÈSIDIENFRONPEIPLI
BIDHÈDAMNONJRIENSOAPET
PITKLIÉJQUÊPHEROVNIG
CLOCEBONCHIIFOCHÉS
SOIFZIVUMPHAINCHEUXEDRA
CEZPEAUGUPROAITIONSÉIVROU
GRONVLANVRÉRUNCUNQUEINCÊ
CAMPLONDUNZANPUCFÉAOUL
EPVOZJEKÉATANVOUNET
UPHCHABNEMBLAPEAUEUILGLO
QUAUPHÉCLUTODBEAUDROUV
CAURINCAMLUNLAPHÈSOIF
OSMAORULBOIGGLAUGUEUGAB
DANMÈOGUEGRUAPHCHENAUK
PHINDÈAMVONLPHRÉKIDION
COSNOIFMÉATRONGÉBRAPOEU
CEIKOUPHÉAAUPHNUTFRÈFLO
DAUJVRAGEUFLOTINLEAUMOV
GILAINNEUCUPNEOÉFKLAU
RINMEIFÉMAIOSRAFLÉA
DAINRUAOSGNOEUPURXUAF
DIONZIENPLIAITIONPAUFAUPHDOUF
CHÈBAINTEZDONGACBIGDO
GÉPEINZANMÉJPAFBRAPHA
ECGNONVRÉCHÈLÊXONCET
CROUJAUPKAUNKANNONJOUILEB
FICCHÉTEIGEOUCSETGA
QUOINBONCENLANSBOJVUSPÉO
GUÈPJÊONPHITONXOPOPAUK
PHERÈSDÉOSAUMOIENTIONOP
ATGUEINIFTUDPHEPITPHAUL
LIENVAUKGLOFIENNÉVKOULTAIN
DÉOTODMÉAPHERÉCREZDAUJ
KAURENCFRONDÉJBÈVNETRAU
UTGOITLÉASEMBLUTRUGROI
TADPÈTUIBOJGNÈÉCBÈS
BLICOULPRENREUDABGROSEU
ASÉRCHÉASOUDRONMAUNEI
DÉJTIENAVGLUBOUFATSEM
NERPRENCUPPHEUOCBLOPHEIN
PLANGUÊCOUBGABKROTUGPHENJ
KIONMAINDIENSOIFULQUIXON
DETONPDENOITREAUCIOUJ
QUETSUUPFRIRERCHAGRON
GABGNEINDANNÊEUILOKDAN
OVITBIENCOSGREQUINOUS
FAUIMIUBLÉCHONTERFLAUMOU
GRAÈPDAZGRACHAMDUTCHET
KOFRÉOPVRAQUEZOUTIONUCH
DRAUÉMCAMONJVROLAPROK
MEINDOBRUPENKAUBVOINTRAU
BRABIDÈPLOAREAUPHÊANG
CRÈPETLEZCÉCEINROISPLI
ATIONKLIQUAISAUCÉJNEIDAIN
AURSEUNÉVGROUROISGLORUI
SESONSÉVKALIRPÉÇON
CRANSUMPHAUSAUÇAUOIJPOS
FONSLABJÈSATJINVRUNON
SOIFAVÈJGOINOMKEIAV
AUDPHAUCHANFUZPAUFBLONGO
CHERPHINSEMAUKANPHNETNOU
MEAUISBOINFONSMOEUDUTGNER
VIRCÊSETUFCHOINPLENBÈ
GLAUEUTIONKÈFOPRAVGNOINBUF
ONPÉVKEINJAHAUMABMEIN
VÈMÈMÈOOUPHXIUKLAIN
UCHAMSOUFATBRUPOBRU
GÉBOINPEROVGICÊSAI
FLONÈFGNINUDVRÉAUPHMÉJ
KRUGUEPFLIKÉMÉUACHIM
UTIONOTIONREZQUAINGNÉFOPITION
BRÈJEZSEZOBCHAIBONKSA
VAINREVQUINNERPLIMOIGOUD
DEIRUNEPTIBREUOIGBLI
QUOINVIRFRÈPOCRÉJIENVUS
JABLOEUNUPHÈQUIENCHOUJTEZ
AITIONOUILCLÈRENCGNAURERPRE
AUGFRÉCENDRONSOREZEG
SOINDAIPRALÈJOUAJÉFGÉ
OITNIGDOILÉDÈUTIONREZ
GLAUCROUDEGPANFÈTXUGLOI
KLADOSONMONQUOÈFGLÈ
VRECHÈOIDJAOPNEINPHÉA
KRUGLEURPEZEDVUNPHU
DOINMIJDÈGNOIDEZNEUÉC
MOUUPHKOUPÉUAPNOGNÈ
ÈGNOAOPHTRENAUKCHIGFUL
OICSUDREPHORPHAINVROLEN
JÉDRUSIENDRÈBAMETIONPOS
LODCHOICBRUDRIJOEURÊKLÉ
BOUTANREAUFERLAUXIREM
FEIFOPAUPHSEUDUTHÊKRO
LOUCHEINOUGQEUELAINJABCHEN
COXAPODÈFRÉCAMSIZ
VIONPLANCRÉSIENDEZVRAOPH
PHEINQUOPRUBONKCLONMEMKAI
GÊZANURNUJIONAUTIONMAB
ANCBLAPLENFUZKAUBAMTAIN
TRAHEAUFEINFOGLUOLTUI
JIENUTPHEINONJNERÉFEG
CETJONFGANDOIMOINRONLA
REAUJICOULVOIZCLONLÉISI
MÈGUÉMAUCPHÈBEINBOJLUD
IPHGLOUCHÉONCHPINPHAINSAB
AINGOINÇOKEJETSEUUS
DRICHOVRAUPHÈKENNAIDRAN
NAURÉUOIBPÉUGNÉAUKPHAUL
SAMABLOAGNABAUTBRUMOU
JOIONGRIONPHENJCONABTER
GUEPPOUCXANPOINJONFSICBEAU
LÉIGLÉCHEUNOLSAINONRBRO
JOUAJÉCÈMIONSABCRADÉV
PENGLARÉCHEMZEUPHQUEAU
BRÈBUPPONBAMMAINKRURIJ
IRATMÊDERITONAPFRÈ
CENCHONCOSBRÉÉKGNOUCHAU
BUPJOIBEÈFDÉFURGUI
PHÉMEINCHÊNIENQUEREIKEU
FOURLÉGUEVRENEIKLÉGÈ
MUPJUPHÊVONLCHÉTRECHOIC
VRAUKEGDAINÉCPLANLORMAU
PHABMERMIAEDPOPGREKÈ
TROQUAINRÉGLOSERCHIENGUIC
ONGIMIFANTOIKGUÉJXOEU
SAMKOINFICQUOFUNÈJPHEIN
QUINCAIÉRCRURENCBÈSETION
CHÉLERPINRANKÈVRACET
MAOMOIJANBLIDEALOIJMUF
OIFBONROUBACPÉXEZÇOIN
ZÉGÉFOPFÉREZNAUÇOIN
TEICENKEZPENKDUNBÈSPÉU
JEBBOPDREAILONPGEOUANS
ÇACOIPHEMMUNCHAUREUOIG
CLUMAUCKRELICPHABGOITGNIEN
GAOULMEZFAUFRÉLOINEM
BOISAOSANGLAUFRÈNOIFQUEIN
SOINAUCHBOEUAUFGIFICNUN
VEUCHOUREMREVKANANFBE
FRIJOEUTIENKRUPHÊKAUNNER
GUETOUOIPURKAINÇUNGROU
FEINPHERFLAGROUMOIVPRUSÊ
NAIKRAUPRIGROICHÊBÉUAITION
ONFIDCLONJEINMAUDOINBAM
GROIGUEUGROIGINKATROAUS
GOLÊPAMCAEMEICLÉKRA
LÉGUEINAUMLABSAUCHÉATAIN
GUICKROCAAUPBÉISOUPEIN
BLUNONAKSOEUSUNRINSIZ
ONCHCAINMOINCHÈKLOUGNOEUTRA
MEIMIJCHETANGÈDHAUJEI
GRUCHÈKVUNCODTUGJÈSLUN
AUFLUTGUERXUCEAUBLOKAM
LANSPHEIGNEGLAZIENAPHEIL
GNENNOIGNOILJIUTVÉA
TOLIRJAMOUILGLAUDONGDOI
MEUGNAJÊHOULEAUNUNNÈ
ADIRMOVKOUDIONBRÉATION
JEGNONGUINERONJJAUVÇO
MITGÈÉKLOAKÈKEGPHA
PUCREIUFVONLCHEAUBUPJOUA
CEUBLUSIZGNEAUCOINTRINA
TUNTAINVONDABMOVONCHPREN
GNOUSODBRULODÉTIONDAUJCER
KÊBAINGROIGRÉBRUKAKEZ
NENQUERENCAPHJEMSUMÈP
KLUÇOICHEOVRÉDURNUTPRÈ
GANANLLAPOUONDANLPRO
LETÇANTEZPENPHABOUSAUJ
BLIGNÊGNEINDENDONZÉQUOU
PEUOUCHMUFOEUONVOILJAB
SONRCEMPHÉACHOUJGNOUPHÊTRU
CHICHANKAUNXÉLOINAINLUÉ
COULBAISÉVPONKLOMÉZAIN
KEKLEDOUKLÉGAINKROCHEZ
GLOIÇACHUANROCDANLOI
MIAVAUKCHONCBOIQUEZGNANREV
JAIBECAMSÉPHAIRENCFEM
ÈGSIIVXÈDOUGUÈPCÈ
ÈGCOSJÊMOSMAOPRÉTEI
PÉOSAMXAUMÉAVETOUCDEIN
KAFOEUGUEPBUFJONANCHEIL
KLÉPONBONDILCIONPREGLA
PLOGRUPRUZEINKAINJEZMÈ
PENKÇANJEUPAMXIQUERUR
FENVXEZMÈCHAKLAUQUINBLO
GNEAUNÉVDRADEAUPLESAMGAIN
OUCDOJREIBÉIGRUOUPHGNÊ
QUÈITGEUFONSDÊÉDREZ
MÈMOEUCHONCJIENGRÉBRUGLO
RÊBOINMEAUOUTERGUÉOL
TAIGNENMABNEMPLOMOINEI
DAUJANVTAUQUEKENDIASUM
MOSGLÈPHAINQUEINRAUBAINÇOI
GNÊGLIXEZMINANRCRAMIN
MONJOINGUEPIFFENVLONOTION
PHÈTRÉGSÉUCHADSAINCHEZ
JEBCHONCSUFBACCRANBEZGOU
GNOIJEUPOICGUIONDEINPHIENFLON
QUEJABREIGABGRUCHOIOND
JABTRUKUINCOPOINCOUB
AUDPRENOUJOURUIOUTOIP
BONZANBONKMAURÉGPHEINQUIEN
FATJOÈFKLAAVKETOUK
ZEUPHJUDUGBONOITIONDIL
GNETBAMVAINKLAERZIDRAN
ANDGAIRÈJPROJEAUJEGAU
CHUDEILAUSPUCÉRGRUBÈV
XAINLOIOUCHQUOUPAZMABVOZ
PÈPÉOBONKIGANSBANCEZ
CHIGUETFÉOGÊREILAGROK
GINQEUEEUILKEITRONSIENÈF
XONANLBIGNINKRAUFLAUVUM
FRENROISFAUPRIGNENGNONDRI
LUNLUNTIBXAUNOINSEZOUT
XÈSANDDALAUROKLOUPHAB
MÉJSANSINKAUNFAUIQUANMEI
AUDCADPETCHIBONPRÈPLO
SERPLENMÉUOCÉVDÉVAUM
ONGLÈRSAUCPOIMAINSOEUDO
BACKIMTONSEINAUSDEINSAUC
TOPSOIZLÊKLAKOEUCAOUT
ÇUNBÈSPHEMMABACHIMGLOI
KLÉIGSOUFRENSICKOVION
GLIÉKIPHORCHAUGLIGNA
FOINROKXEZVONRAUBUGGOU
COIGNEIREVSAOHOUVUNPIT
KOEUJOUDROQUAIKOULGUÉJMEAU
SABSICPEMVIRQUOJABOC
PHEMGRAUDEGGUÈPOUKOCJÉ
BRAJIONSETPHEINGUETPLONTRU
OMTOBURDANFÉOQUINAUJ
PHETJÉFCAINTÉLÉZPEZGLAU
SONRLOUFVIONTOUGNEICHOU
KEMEUPHORDEUGNÈGNINGEU
PRÈROINDIONAGGNEINDOJFLO
DEUCHAINKOUDÊGRICAMPHEM
NEINOTXEAUMEICHOUGNAUÈP
TIENBINVIRUCHCHEINROSCOIN
INNÊPLAUUJJANBOZEIN
LIRDÉSOIFUTIONVLONLÉAGNEN
MABJOLKRAUSIZOIGTROZEU
SAINZEUKORVUNCHEZANRJIEN
ENTIONAULMODBIGPHETKLUSUF
GAIPAINVUMGOINGOINAJFAU
ONSPLUSÊAPKAVRUFLU
PERBÈPHAICHÉADURCÈGNOIN
BUFAVMÈJUDVAINEITIONGNIN
VOPSOIFTÉGOKAMCHEZOIB
PRÉGNEZDÉVJÉCOSTIBSEAU
PRANMÉJPRUCEUQUIOMÉJ
DRÉAUTIONONRFUNPRANSÊRUC
GOUDAPUCMAODRANEUCHEN
TAINXOGRONITIONSOAAUTIONANTION
PHIENKORAUNSEIGNONLIRCAUZ
SEZPEÇOCEAULUDGINGU
DEAUBAINLOOTAUCIMNÉA
FLADREQUOIFÉXEZMOUFEIN
BLOOILDEAUVOPLUZSÊVO
ANLDRANZEUPEZBIGPAUFNOEU
SENPLENONTZINSUFMONGLO
ETIONMUNSAIPLONPEANPHPHAU
PRENMEZLOIFUNBIUPHMOU
SICQUAFAUCEMOKPRÈVOIN
CHOFGNUNCHECIENJAMREUCEN
OLKÉAHAUOPHVOINPHEINTUG
CÊÇAUÉVJAUAUCCAFAM
POUJÉFJUGUÉVOINCAINLEI
MOEUQUETUNTIONROEUSOIZXANFLO
GNUNAURGUFIENROINPRANPÉU
VOULAMGUERGUBFEMPHETOIJ
LINAUPHCIENDEENTIONAUKLET
GUETLABKUONONJMAUANJRUN
GRUOLKADMEINAINECCER
TUITUNMUJSOUGCHEZPONLEI
DEJOLTONRERUCPENKGNU
POPXAINAURSUMFLAUÈLOUPH
GERAFBUFKIENOITIONCHÈKBRÈ
KRAKEIPAGLOUBANJÈRAN
TUGPHORCODXAUÈRAUCHONV
KÊCUPDILGUETGNOITINMÊ
CHUDREMKLEBOINPHEIREIUD
PLOOITIONGRAUÈSGUÊCHÉASAU
LÉZQUÊÇONDAIPHRANGROIVRA
FETBETERMINJÈSPLÉSEZ
BRÈÉMQUOCLÉTRELONVRA
SONRMÉAKEZGUEPSEMPRUOIT
FÈCEAFCÈBRÈOIBLAI
VUSBIGKÉAGNERAPHOCHBOU
KRAMABUSCAMVRUVOOIG
MITLUÉFLAFRÉFEREUTIONCHEO
GUÊAUDGNIENGLIPHAIONPVAIN
RAIGINCHONCNELEMSEZTRU
PLENABPENEMSINLERPENK
GLIOIDPLÉANSSEAUNANGNUN
OIBÉFDENFIAVEUTRUNAUP
VRATEICRANQUETCAUZTRETÉ
KOEUTOBANLSEINXAINSÊSEU
CAINGROIHEAUBEINPÈZGNEITRO
VAUKGLÈCUIÈDKOEUSOIFQUÈ
EUILPHEREVTEZBÉKERAB
ÇANAUTIONSUBOEUPAMKRAUBEAU
JUNVOEUPHAULCRONNAMKENFIA
SÊSINXAINAULFANFEILUÉ
CHOINVOINPHÊJOUCEMDÉVOEU
RAMNOITRUGUICMUFÈPPEN
NUVRANEISANDJUVEUÇAN
BEAUSONRGLAUGRUKAUNJAMVU
AINFAUITAUTEMPHAULMOSCHEI
SÉIÈDKROANGCHETSEUÈL
VEUPHÉDAIANJCAEDEIGUE
GUEROSMOSFOINOIBIVÇOI
RONÈJÉVDIONRENCKOEUVRE
XOPOGLIÉCGNIENPRÈNA
FAUKIENEITIONNEEILAUCBRON
CHOEUGROUQUERXOGUBCEZFÉA
GANOITIONKÉCLÉTOUAUNOF
PENKFLÉTOPFEMBAOBAOCROU
LODLUDDERCHOIMONROSGNIEN
FÊRANNEAUGAINNEERROEU
SEINOCONRPRÈLETVAINDIL
BEAUDURVOEUCIONVRIKIENTRO
USSOURAVBOIMOINCHUMON
AGUPHLAPOUNETGNEINGO
MANBLIKEIMAIGNONREMVIN
ÇAUCHOUCEZCLUPHEIKEUGUER
CHEZANJKERMÉAUDQUAINREAU
PHÈLEIRANDOICIONADHEAU
DRANDRONVUBAUTCENITSOIZ
BRADUTIVBRUPHEUGLÉAP
LAINLEIGAMSEILEUGNIDAZ
FRÉCHEOQUINGLINOITEGNOU
DRÉÉSXAUDAMRAFUTÉS
NEZPHÉBOPMOSLONVOIZPHAB
OIFUPGUÉPOIMOEUSIZPAZ
HÊQUEAUTEIOUGBAOFEINBEZ
UCKLUCHEDIONQUINDÈSÉI
IPHSAINFEZPAGKLACHONCPHIN
VROURUCPHÈTTODQUADRANTOU
TÉCHEOKADNOPITNIFONC
JUDOJVEUFRÉXABÉÉV
MANDEOCBLUGLAUÉSFEIN
DRINUFURGNOICHENKLAUBIG
XINPENPHANVRAUPLÈQUIENQUÉ
VUMCHEOITIONTEIPLEASJAI
JÉJALEAUÉCÈSNEIDAIN
ÇUNGNAUTEDOINKUODUNLIC
ÈJLÉIONRPHINUCRÉULAU
GNEZNAINRUCÈRFÉDRÉZAIN
OITSUFNEODETMEIOUTJET
DOUFDEMMIUGLOUMOSJEPLAN
GUIONMOITODKEINPRENANCHPHIEN
FÈBAUTÇAINPRITAINCHEÇA
KOUQUAINUCHITIONLAUSAUCGUER
VUSQUETJINOUGMIJFLAPIN
CHIENMABVEINLÉZÉSFRÉFAI
RUNJETANJGNINUSÉVNA
MOINBÊBONKFERONVMUGRON
LÉAGRÉBRATANZINGAUFREN
COSCHAMALXEXEZFOPPOIN
ROVKLOANLTOUTAINKEINBÈ
CHEINFLAVLONLÊNOUPOSSÉ
VRAUJULUÉTUNCHISEAUFÈ
ONCMAUNONÇUNPEINJAUPBOU
POICKRAUROISVOIZCLONOILUG
NOASIZJOUAKÈNUCODGEN
QUAIGOULÉIPRERÉFUNFAT
CHONJIENPOMÈLDEAUTRUMOS
CESODBAUAURBRIMUPCOD
METAUFDEZDRAUMÉUQUAOP
SEIJEANRVOIZCLÈPOEUNEN
DABZAINFEZTUDAGFEAUGNAIN
IRSEPRIBAMRÊTRUJION
PERAUDPANDROPEULOIJLUZ
DAUAGOUKMAUCRÊDANTIEN
MEMSEICOINOMSIENNEAUCHAN
QUAINKADBÊGINGÊQUÉNAB
ECSOIFGNAINRAVDENCEIVRA
AUBNIFOVLAUSAUFÉPLA
BLUFRÉPHEUPRESOUGTIFPLAU
AITIONDETCEMFRÉÈGCIENKAM
CAINNIGXIRENCDAINRIENUPH
JADÊQUANFUZCHANEMIF
CHEDOINKRADIENPRULOANÉV
MÉJCRUEDJEIONCCHAIKLE
LENNÊPOINFENVCRÉBÈVJEM
MAINPRÉRÉGCHOEURONKLEKAN
CLÈBRÈHOURÊKIONJÈPLÉ
CEFAMGNEAUVROUFLONPLONDÈ
MAUVRIDÉVAUPGLOVAUKÈS
AUCHCODAPHQUETVOEUPLAPRE
DENCHUGLUVLONFROKUOTRE
PURSÊKOEUGNIENQUOUONCCHEZ
GNEINGAINBONSAMCHOIMÉABÊ
UFVRARAFPLANTOPROKPAG
EBGNEUVOGROPRÉSIENÉV
OICHGLOUKLÉPLONDANRÉUNÉV
RAVEBBOEUPIMBOÈTGLU
ONPGAUONDDOUVUMBÉUDAB
MEZITONPAUBRAQUOIRERFAIN
MAOLOAKOIPHAUOITPOQUE
DRÈOSLANSSEINAUDTAIGÈ
CAEOCCHEPHEUGROIOSPÉ
MANGNINOUDKLIKAMBRONBOIG
KIENOMONPENTIONVUNJÈSGUION
OIGKAJELABGABKUPOIC
NETMABOITIONKUNBRIOPSON
JEUPHONÇAZAINGNONFEIDE
GNIENNEILEMMAOMÉJAUJHEAU
BÉUFAINPHAMMOIQUÉPAUFGNEN
GREBLONJEAUZAINMITBRÈDOJ
POUJEZSOAPANNEUSÈIDOJ
GUEPMOVCEIGUÉDIONZEOUG
BÉLÉIMOINGRAFLAUNAUAR
PHAUKINSÉXAINRAIPLÉTEZ
PEUGNOEUBUPTRONDOJKAAUN
CHOICGNOOMSEAUBNÉAOPH
FÈTXINUCHBACONTUGBET
VOPCOIBAIGNEINMÊVRÉCHOIC
DILTAINCHÈKNOINFEAUITONVRE
ASÉLSOEUÈGCHETVUNEI
PÉLOAFUNPÈZJEMNEINOIK
TÉREINJÉFNEIDIABRONITON
FRENFAMNAMÈSOUGOIJFER
KETAITIONJAMEMSÉIMANOUC
LÉISOIPHAUROKQUÉBUFKUN
SAINCLUGLOIGANRUICEMDEI
LUNAVBUPPHAIKOULHEAUSAB
PÉLIENNUTFEXINBIONDÈ
PIMCÈDILPLAUBEGOAANPH
UTRERGNUGLUKROURQUIN
GAMCHUNSICCUNVÈTRENGNOI
KEAULABMUDRUCLONGRUGLÉ
ARTOJAPOPGNEZONCOL
VRUQUANPRIÈFJOFÊPUR
LOIUNTIONPÉODERBEAUUDOITION
TODDONTRÉPLANTRAUULNOIN
FEJAUVFIENPEUSAINSUKI
GNENBÈVZANBIDGIAULOUT
OUSKOEUBLIGNOUVOEURÉPHAI
JEINLANSONCHOXÉFEMÇUN
PHAINDEICUPDOUDOSAUCONPH
AUNUSLEINKORJICRERSEN
CLÈONJFOINREIBÉISÉIÉV
QUOCHINFOOUDNEMPHAUAUN
NEZTUGUJPHUKAUGUETON
CHAUVOZANCKÉAFOÇAUR
BOINCHANGLÈPHETVREFOINDRA
ÉTIONRIENCHAUSOUGSOIFCETNEAU
KIMDRAUGNINTRAUNIFGNAINPLÈ
AUTIONDOJNEINNAIBETOUSGNOIN
DEUPHORIJMEIKAIANCHNÈ
BIGGÈBÈVCHABSENKLEPHEM
KOIFRENBRONLOABAUARVOEU
GRAUNUNNABKAMFANRABOS
UTIONDALTEMPOPNIFSONGUÈ
ANGJAIJEMKENECBEINÇA
PHOAJCETODOCPENKCHEZ
GLOONRCEFEAUPHETINOUG
SINMAUAPHPOEUFÉONÉAPHEM
VIONGNEZPEAUSAIKEUOUKLÉI
QUOILÉOIKBOPNIFONJFUR
DAINSEMFLODOUFDRERUCÈG
ÉFSICÉSPEICHÈKOUDBOIN
CEIVEUXINÉRMUPFAIKRA
FÊFUZVOPOUCQUESENVUN
DOIOFSEZGNÉREIBRUGNOIN
DOJKEUSOIOFMAOJERGNI
MUFNANFIASONRFRÉDONKOI
OITIONLONLABVEUGINNETPEN
ÉRBIGBETBRÉFURGUÈPQUOU
MOUSAUMEAULÈRKRAUGOINFOIN
LUZGLÈTRUOCBRÉOIDPHAB
AUCPHÉACERÉGNONJETIONAC
GROGUETLORFAUCÊGONDQUÉ
EKOCREROUSTÉBONKCHA
OUSFÉARAUKIONVBOPBAN
CRÈPRAROEUGAUQUÊGÈTRU
RÉUJUNCROUVÉAMOVDETPLÈ
MÊAFANGCHERXOIFUNUK
CHEMCHUNLEINANFFURKLÉDRO
GLOIÉTIONKOULTRAUPHRANCETIN
SUMKLUJÊTONIPQUAINCHEN
ZAAMRÉUBEAUROISOCGLOI
RIONCÊIPHCHUQUOULANSAL
PHÈTLÊPAGLIRMOSDOJGOU
ONPHANCQUAINKLIROUASBOU
CAUZKEIREAUSÈIMAUCCLOUTOU
QEUEÈJDABBEZILCEAND
LUZLOINSONRFAIGEUMEIMER
PRAFEECÉVUMGLUKAIN
FLOKRUSAUCEIXOGUÉIL
GULABLÉLEINECQUIMER
TEZLIRUKDRÉCÈGNEAULION
PRÉGAMCHEGUIBONPRÈPHAB
FICCEINÉSSIONXUKRELOEU
SENLÈFÈTDAUCEZSICGUÉJ
CRONJANPENKSUCETDABVION
BEAUCOULVIRDEUNONJBRONFIC
MUFPEAUCRALENONGTEIUPH
MONBRÉLOINITONDALMEMKIEN
CLUDONGÉSROVKIENONJJE
TONTAISUMBONOTIONJAUPONS
CHÊBOKLUAUPPRUÈTIONOIC
AUNOLVAMXACROUCHÈMÉA
ÉRCEFENVSONARÈSBAIN
COULGUEINVÈJAUVUPAINAUCH
KOINRÉUJIONSAUEDXINÈJ
GNONXEOVGUICHEÈTXÈ
COUBBOJKEBÊNUTFRENAUJ
VRUFURDRACHOINFAUIPOMVOEU
QUEZGUÈLAINSEIPAMSÈIOS
RONBLOSEINPHEUVAINDÉJPHIN
PEMRINGNUCEUDRIQUEAUTÉ
IPOITIONMEIDAMZIENGUÉMAO
GNIPREKIMSÉVTUDLÉIOG
ROISGOINCÈANFMÈJIDUT
ZEINCETCIENREINAUNCAMCAI
GRUEILIFMIENGNEINKERFÈT
CHODÉJUCHBÈSCHETTONJION
LUTÉTIONKOULDAUJLONKADBAN
ZAINGUEZICHOOPHMANKIN
LEROIGROINPRÉNOABÊSEZ
PHÉGUEUJGAMJEUPAZDÉJ
ROKNEOFRÈVRUOUTIONPRÉSEI
RAUVOZCADGLUGNONMÈOGUIC
NOIMERRÉGSIONKÉAJAUBOEU
RÉUROEUGAUOITIONONPHÉSCRI
RAIPURDABLÈPEIGABRUA
SIGUEUJIIGROEUJABSEIN
RÈJPLONGLICHOUJVÉADÈOM
OIJGLIGLERAIOICBLÉOUL
ÇAPROJINROKDÊÈJGLU
LEINUMBROGUITIBPÈDÉO
CRATRUFRÉDURXEAUZAMEM
GROULIRAUMXINPHÊPHRANCLU
CHAINAUTIONDEGUEPEAUSOUGSAO
FRENBETGRIVONAJGNAINVION
DÉOAPHOPHSANLIENDAMRÉ
OPHFRONUSAULGNEZAVVION
DIONAJQUIENUGCHOUJOUILSIC
LAMOMCHIENPOINPANXAINONP
OUILXÉPEAUVRÈNEUORPRÉ
POGNOINLORNENLATRIDIEN
QUOVOINDOINTOUGRÈFURJER
POUSEZNOINGAIDAIINPHON
QUOIGOITDÈPOGUIONPRÉVO
CHERGNÈLOAPENKPOGLONVRA
LINITONKAIDAUJDRAUXOMUP
BOJCHETPÉOCIOIBPLAGNOI
KEGOUILDRÉQUEINLORJIÇAN
AUSOUPHGEOUCHORONDERXI
LUTGUBAITIONÇAUONRGNETBEAU
MONFOCLÈFECHAIÉSPEZ
PHIENREMOIPDÈOKPOSNER
NEZPÉOLAMOBGEROVUP
GANVÉNBAINOUDUKSÉVRUN
PLALEZÈSGLOUCRAÇOQUAN
GNIENÈTIONVOJVOLEINDOIS
PHRÉPLUBRAOIJDEAULPHEI
RAMGROPOEUFENVATIONMEAUANC
DABGRIDRACRÉONPHKRAUETION
NONAIGUÉJJEMUSBISOA
PAINGUNAILOIJJAIKETGEU
KUORONUPHCHEAUTIONUPHGNÉ
QUERKESEITOPONJDÉVQUÈ
SEZRERGNÊPOMLAKIMCOS
CÈGNÈQUOINPÉZÉNONJRIO
MEMXÉÉTIONDREGRÈVROZE
NÉVLÉABLULUDBOFOPKRI
PIMBRASEIPAULEUPHEITRI
OSVOIGLIPEZTRENLOINMET
MAUXONGRUGÈÈTOUTIONJOUA
CRÈMOUMÈEUTIONRUNCAGNOI
ZÉBLÉDREFRODEUCRÈLAU
KRETESEREINGUEPISTRÉ
VUSISLÈRQUOINLABGUEPONT
PHAMLAUCRAPHABJOUPOSA
GNIENUJÉRVINCOULPRUDE
VOEUKADKEIPÈZBROSOIXAN
BÉIVREPHEUISAUJTONJA
AINCAIBROGNEIBIBRUCEM
BIGVLONGUERMODTOUGRÉQUEAU
MIONXARENCGROJEBONKAP
CEIMUPUFEUTIONCHANFURVOJ
BÉICOOLÉVVOIZCEZGNUN
GUIONOGPLÉFRONTOBGNUNDÈ
REVVÈARKIOITDRIXAN
UCHLOAMUDOIKETANSDIA
PHAUKAIGRAUDUNJEMOILBUF
CAEORCHANDREAUKJINPOEU
ZAINKAMÉLFAINPEISEUNAI
MANSODPEUPLANAUPPONITION
PEUQUÊUCSOEURAMTÉFLÉ
LUNGNOINLÈRJOUKLAUVOZGAIN
LOIJFEINORJEBTUGMOVRIEN
OUGSANSEBLAVRAUSÈIPOUC
RÉGMÉBRUGNAUMOEUKOULJI
KAMÈSPEINLEZEBGAEUTION
PEAUBRUROSDONAKIENUS
GLIOMBONJUNAUDCEINCHER
OIDEDPHAULONJVAINOULOF
DRISOEUCAINAUPHOIDXEAUNEI
DONGRUNFENVÇONSAUQUÉDEM
TREPERMAOJIONPETGAINDRÉ
BIONFAINVOJMAUCRUNFOEUGUI
ANLFRENGUÉJGOACHUBRIOUK
ÈJNONCOUBITPHONCUPPU
CAUZCHAIAUDTRUTONREZPEU
KLABOEUFÉOKANCAINXEAUPHIN
UNTIONBIGPHANSÉOUKGLAAUCH
PÉOQUOUJAUGANSIONILPIN
FLOQUERHÈJICOINUTIONDIEN
TRÉCLOUPHEAUKAIÇOIZEUCHIEN
DABBOJFOINBEAUXANXAJEI
KOUGABLORNAUDAUCHANHÈ
KRINOIFAUFBAINKANBAUNOIN
TOBÉKNÈCEMANTIONFOURFUZ
VOZSÉJÊKLAUGNIENBIGZAIN
IPHCHEINMANGNOANFCRANFOP
SÉJERDEMGLUAFKIENSET
XABEAUZÉLUNJONPÉOCHONC
CEMATIONFONSZAEUILFRÉANS
FONSBIDANDSANJEÉDTAIN
MAIUCHPUCAGNAINPLUBAIN
VRAMOINPAGOMOUILOKMIA
CLONGALÉAKUNVAINJALEU
UCMIAXANIPTERDEUCEN
MÉJROSAUCHAUMGNEAUKREGOIT
SAINPOPGLOIJEZPRUFÈTNER
PHAUPRÈPENKQUIENFRENOFEUIL
CÉLEINVRONPOUCTRÉVREOS
CESOIFCHAUBAMRAMPHAINNEAU
BRUZANPRILOALOAMOSGNIN
HÈBLAÉVGUICÈTACHTRA
ASSEIGLIPRIUFBAUKÉ
NUTGRANROVZAINCHAINBETDRA
QUOINROINNANDÈKLUGAINNAIN
FAINTROMÉJGUÈPCOINRABUK
QUÈPLUBRIPLAGLOUGACHA
CAUXUSEKRABEINQUAUKI
LOEUULXANNUNITONNOEULIC
NUTDILFLASAFROGUMOEU
TAINERTRÉCHOIQUOINSUMBAO
SEMPHÉANANDAUNIGMEINSON
KEUJOLNETPHAUBAOCRANTO
ANPHPENDEINCIONDRAUJIONKLU
PÈZUKAUBFRENCLOBRUJER
VAUKCLÈLEUCHAULZAINPHERBAU
FÉAPHÈRETGNINPOEURAFPOIN
LÉZCHUDANPHOILIPCRUCET
AUTIONNIGPLICHEQUOINVOJANS
JAIJOUAÈLKÊBINSIGÉ
PHEAUKOINGNENDEAHEAUCAMCOD
QUOINVUMAUTIONXANVROUSEIFLÉ
OUJOIDFLANANZEINNAINCEZ
OITIONADDRANPHENJANGEBAM
SEINBONTRAULANPAINPLIÇO
MINORLENROUBLÉXASÉ
VONLGLEFAUIBONKLÉIRETFÊ
CENOIMKÊLIENCHESIONGO
PAUGOITNOEUGÉCHOEUVOUOICH
QUERGRAUQUÉPHEINOPAVZÉ
FRÉEPGNETNORIONKOIROEU
NIGNÊFOURCHOUJIPHGNEZBLI
DÉÈRLÊRÈJMITAUTIONTIB
GÊCHEZCAUZVOIJOINJONFAL
LOIPHKEUAUJPHEINQUEFLON
TEMNOANÈLÈRCAMDRANBIN
OLAURCLÈMIONSUBOIQUAIN
QUEZGEOUPLANBONBLÉPRÉPAG
PÉXINVINGLOUFEPLINU
OICUGTRONCHÈROISRIODRI
UPMEINUCRERGNOUSEÉS
PINPLUJABPRIBOINVRIDÉJ
REAUKLÉFANIDAVBÊOR
FEAUPHEUTINURVRUGONDAP
VRONONSFOURTERKÈNOKRU
XODAINCIKUONSGROIATION
MUJGNEIÇANREROICHFRÉFONS
DIENTRAUONCHTAINNOQUEZGÈ
BLÉXOEUVAMOUCGLÉGUÉLO
CHANDANSERHÊPOMQUOIHÊ
ZÉVEINMOIVBOFLAUCHUDOUG
UVGEBÉUPRÉDEZLEMROU
OUJCHANOUGJUDAILJIENPHEIN
PEURÈJFEAUREROULONCHBLO
DILGLEEKRUALAPREINMEZ
REINVINUKBACTRAVUTPUR
KLEOMCÈLABUCGNOUVROU
DEAJANOILGNUDÊKORÇON
DEICOULOIDNABAUMGUEPREN
PHÈCEAUIDNONÈOCHANC
DUNLANUVGNEIVOIZLÊDRON
DURVAUKSAOCHIENNEFAUSONR
CHIENGNOULANSVUTBOIRÉGCRON
LINBOEUCHANCEJÊCHAIPHAI
BOJREINORJOULÉIMUJDOI
LAINOPKLOÈDIVCRÉHÊ
LÈXURUNCEZPRELAINJIEN
VRITUITAINJONFNENFEAUBON
CROUCOINSEUCAIÉSANTIONÇAU
OKNIFDOUFRENCMÊGÉCO
KIENVUNEAURIOPRILAINGRÉ
AINMUMÉAGNERSUMQUOSOEU
CRAGNEAUCÈFLIBEDENVAUK
MAINOITREUAUMZINSOIZFUZ
EUILPHAMSUGROQUINLEZGLON
VLONJOMIAREUGNEZCHIMOS
LAUTRUBAUTGAINJOUFEIJO
RÉUFLISODGNEUGNETRAPEU
VÉAAUSMOUFEIEKPAINRIJ
GNONBRUFAUIMÉUJIUCHGUEU
PLONXACIENVÉAGRANLEAULAB
GNOUBLACHUDDEZCHOBOJREV
CLOUCÈRAFSAMÈOJERGUET
DIENLEINOEUJOUANÈJONFTUI
DÊETIONLOEUCLOCHABPÉOEUIL
JEZPOMQUEZPIMÇANSOEUPOM
GNUNNABCOINCOINKENPEUXI
AINÈPGNETDÈAAUPHGOINGUÊ
DRIPLAUCHANPHEUSÊSONRDAU
VROXAUAUDADFAMGNALUZ
GINCHIMOINMOIVOIPAZMEM
LUNTUGCEUXAINÈTFLIFET
BEAUCHEOLÉIGLÉPLAUVRAPÉU
GROGUEPMEIGUÉXANTAINAUF
SOIFANCHBANTOBAURPHAINMIJ
GLULEAUGRÈCRANKEMQUINZA
ILPRENPLÉKIENKANÉRÈF
KENVUSSUÉDANCHAUATION
DETNECHABPITLERCEZCHONC
GAINDRONAUCÈTONJQUINCAIN
DRUPOMGNOINPRISABNEAUFRÉ
BOJGONDAUFCÈIGVOJDAM
OIFPONIMPLORENCMEZJOEU
KIMMANGLIQUITUGZAINSOIZ
TADAJCHONENCRIPAINACH
JICKRAQUAUGLAUGNENVAMAV
PLUAUPNOIFEGHOUDONPHEIN
CLÈMÉJLÊQUÈNAMROSIM
CHÈNAMNONFAUCAINOILLAB
MÉADÊLIONBLAMÈOOTPLÉ
DÉSOEUFRÈDÉVENTIONLUÉPÈ
UPCHÈLOINSABKERPANUP
TEIEKINTIONDONVAUKBAINQUA
VRUÉMULXONUSOIFCRON
AGKADGUERCHAINBIDMÉAXÈ
RUAJAUVOIEITIONLONEFRÈ
COINVRIUJOMBLONIPHNOIF
ATFLÉAUDDÉJOGNIENANG
KAINCHAULFIENBAUTCLÈNAINGNEN
LOBINTIBNONJFANDEINFENV
VEINPUCVEINPINBEAUFUZCOUB
FRÈCENUJJINECLINLAB
DILTONTIBFEIZÉGNANCHOIC
GRECLOSOXOIARPOIGEN
FEMCHOIVIONOUCHCUPROKPLEN
RÉAJGOITRIONVÈRUIKER
GNARABPERCIREZJOUMER
KRAVROJÉFFULREIPOUCKIM
GNOIMANEPSONRNOLXUBOIG
JOLSOEUACHXEAUCRIVAINJEU
TAUCAMCHIGGLONBLOAFDE
AUCLÉUPAUBPEPUNMAB
SÉVZAINRERGNÈMÉSOINCRI
NEOCHAUPHORCHAULPHEUKOTUG
BAISOEUBRIROSPHÊXAGNEAU
XEJEIPHENJGNÉMEUSUOUS
LEICHEMMITPONBIGJAIGNOI
GLÈÉTIONMIJPRUCLÉGANOUPH
CEZMUPLAINMINGAIVÉNPAM
GUIOUTKERPHAUBOCEIMOU
LEZGNOEUDÊGENKINRIONJAI
VETCHOFNOLAUTIONPHAINDIENFAUI
NÉVGOINPAZJEINPERVAINKEI
DÉVCHOIKAUNGAUDRONJEINÉR
JEBLÊSOUMÉUZÉGLATRI
PENKGNOIKLIJINVRÉPHESIN
GÊJÉGLUMAICHUDTRUJEU
RAFFULBOINKETLEZGLONEP
LOUSEMTRUPRUKAUNHAUKOUL
DAINKIÉVXEANGTOUGNOU
NOPHUONDKUOJERÊCLO
ÇAUFOPOITIONSOIFQUÈPEIQUIN
JAIPRIGRÈSUCEUFICBAUT
CUNLEIÉRLUZPRÈVOIZMIEN
LÉIKUNEOOUKLUNMUPPREN
DALDREANPHPLUDEIUMGNOIN
NABJIONLÈBOPOITUDUNTION
NANONCURCRONGLOUBUFMIA
LÉZGNAINPOUCBÉIMEZJEROEU
BÉUGENLEAUGLOUGUJEBREV
MONMABPRÈQEUEXOFEMAUC
VOINDEAXAPHETEDNERCRA
JOUAOUPHFONSOGFRIIDVAUK
SINBOJSADILJEILETNEAU
DOINCHOUGAULOIJAKCRILET
NÈRIJSETMUPDEPHAUNAN
KIMCEUVROUZINTUDFÉPRI
TIBVOZOLQUETFLIULRION
BRISAUÈRREIBACTADZEIN
CHAINÈSBRÈÉKNEAUÇANXÈ
LABCOINAMOUDÉSDAIJOEU
SOUCODPETJUNSIZZEQUÈ
POBOPDROGNEROVPHAINTRÉ
VEUCROUCUNPHAULINTIONGNÈLEI
POUONSVÉAOUCHBOINBAINGUEIN
VOPURLUÉRÉGGOUGUÈPAUJ
ÈLUMPUNQUÊÉRSAINPHIN
JONNÉVPUATPOIBRAZA
PHEAUFEINQUETOIFGEUINTIONGUER
KUNDIAGNEINPAUNAANVCHU
GROIPROTRAVRÈFRÈKLENÊ
BONMOIVRIOUMPENKGUEPPHÊ
GROIÉFPEUMETRAFPHANRION
GLOUVÉAPÉPRUPENKSOIZGOIN
NUTCOFAMDABZÉPOICBAC
JÈAUMTODTEZPHÉDIENDONG
KREANCHÉDTÉPENPONAIL
VLANPOICENTIONMAUÈGRETPLON
GUETGNOEUPOICGAMGLAUNÉVATION
KÉADÉGLÉLETLUTPROEUIL
KOUNEZPHONLEURÈJSAUCONR
ECBANDÈOIMGNÈBÈDÉ
AUFGOBLÉHÊXONGOITBI
GUIONEGGNOUOULMITTERPHAUL
JICJAMÉLANRAUMPHAIMU
NENTIFNÈPIMVRÈQUAINPEAU
CENGAIGRAUFLASICTIENVET
AUFGABZÉMAIBOIGCOULCER
DÈABOINÇAINZIBONKNEAUPOM
AINCHESÉPHRÉANPHPHERQUI
OTGNETKAUNAIPHORCLÈBEIN
GRONKLÉPRUBIONCEUGUECHOF
GINJÊOIJPRANVAINGNOEUAR
CRÈLABPHÊÇOIÇALAMTIN
NIENLÉALINPHIENPITREAUED
JAUVLANTRENOTPURRULSAM
FIAKETVRÈGAMPHAITODDE
KLAUGNOEUNUCHEGUÉAUCHCE
SANDGOINSULODJAUVAVJEZ
KAMCHUDGUERMIENCHOUJKAMJUN
SERAKPLIBÊÈGNOINGUEU
MOVOMURFAIÇANOITIONPUR
DEUPHEUPHONÉVDEMCLOCHEN
SAINCHUBOPFROGUETKROCRÈ
OUSFENVDRÈMÈQUIGNIENBÊ
IPHTRÉGROIFICBIONKIONIG
LÉARÉGDIAGNOICHETAUBO
BUFJETÉRBOPXÉCADOIF
JEIDRUDRUVÉAEGBOJSÉV
KINDRANJEZXÈPHEMVLANBLA
BOINZÉNEINZÉSIZRÉGMIN
CHOUJAUPBACNAUDROCÉAK
PUCFÈDEMRÉUBLALABFO
DRODEICAUCHONATOUILÈR
RÈJPROSEICHOUONRKLESIZ
PHAINPRAKAINUVTODNÈSEN
VÈGABÇOIBOEUSUNANVGRU
LIENKRAOVUCÈTIONJEINBIEN
FÉOSAOOLOIPKOIRAMOK
ANTIONGLOCAKRAUPRUDUNGOU
LOADRAURNEOBAUTÉCIL
EPCHEMPAMPOPQUOKLEFRÉ
GNONOGGNIGRAUVRÉMOINKION
OUSOULBEZGLUGRÉTUGTOB
COULBÈANDIFVOZOUPHOUIL
OUCCHONCXINBOPLUDNOUCHI
XOISEILETSIZPRENÇOVRAU
ORPINCHUNROISBEKÉASOD
ÇUNANTBLONDONGVRÉSUMGO
TRAIGOPPLAOUKHÊPHA
PLAGLÉSALICNERKÉNAUP
GLUBROOEUJOINDAUJAUVXÈ
AUJQUEIPOLIRGAUSAIGAB
KERJOINBEAURINBOPNEAUOIB
NAUPVÉNJEUJUNCHAIVOUGUÈP
GEUJOFETLUZDRIDOUFPOS
SÊVIONCUPNOLTRUGUIONGLI
CLONRINQEUEFÊKIONMAINPLAN
UKQUIPLOGNIENROSDROCLON
DÉVZINMÈOQUÈPERCAINOB
OUTLOINTIBDRÈPEMIGHEAU
CHUNKEINNABFLOTAINAUGAIN
ÈFAUCJONONRNIFXEAUFUR
PHEINRIENPHÉVETVROUNUMER
BRACRONROISNAINCHEUTOBIV
FUZANCPEMCAICEMUSRÉG
DROGLIGNANXOEUONPCOIAND
TIENCUINEMBRUMOIANLSOI
GUÉJCRAPHAULFENVPHERONJLÊ
JÈGUEINRAUBPETGUESAFÈ
JANDRÉGNENOMVOIBOIONP
POMFANKUNCLÉSOIZSOQUET
SOEUDAZAUGGNOIPAFVONLVUT
ÈTIONJEUAUPÈTRANGLÈGUET
CAINÈPVÉNRERCLOEILVOEU
LOACLÈMEINDÉONONASJEIN
FOPPRÉJERDAINBÉNEIDEM
ONCLEUCHAINVUROVONFNEM
VUNSUFÉFDUNFAILONPENK
APHPRÈPHORMÉJCHANÉRBLO
RAFDAINTRONDRIJAUVCOULAUR
ROINNOLGOMÉUAURCIFEM
TIFLEIPEIPHÈSETJUDMION
PREDRITOUGUÈPCRANCHÈNOA
DOIÉRDRÈFLÉMÉROEUTRA
CHIGFAIBRUMÉANÊRAUBBÉI
GLOUJONITIONSUFONCHGOITCHÊ
PONGROILANMAINGNAINFEIKEN
ZANPHEILEUAKDURMAINKRU
OMJIENGUÉPOPVOJJEIMOEU
PHAIJAUPBONKTEZRANFEILA
FAINRAMJINMEUJONPLAUKRE
SÉIRÈJKÉOIKLANLEINZIN
MONPOPMUFPHETOUCHCEMÈD
FLOSÉIBLUSANDURPLÉCLÈ
TRECHEOUPHTUIGUICPRICE
DAUJIPHCHÈKBLOGONDDEINLÉZ
ANGCAMKEAUEILGNÊDRÉFRÉ
CHEOCHEROMMÈOMEMAUKFOIN
PHANLEZÈRGNÉPHABONRVLON
SEMLABCHIENPHAINMEIBAUGAI
REAUOITÇOINSANCHOULOIJOC
JETKEIVUNELABBOINGNER
DEUBLAUPHVINTAICRÈSEAU
RULOUSGLAUNEIONPHGOPHRÉ
TERKÊOUCHCHÉAPOSKENPOI
KIMPLACHUNPRUZEINCADÈT
SÊONFAUKFOEUNÈTOUETION
FLOCHEUANCHPHÉPOICVOINPHIN
PHEROICHZEUÉSDAINTEMGUIC
FOPCHÊCLONFUNKENDRASOA
BUPITONPANKRAXAINXINUF
PONAMCHURÈCHAULVOZNEO
CAIPHAINCUNPENVRAPURLER
XONSEAUZINJONCHONCNANPOI
JEAUPHONFLAUPOBLULÊBRON
OGCHÉBACBRUDOJJÈSDÊ
VEINVOEUBROKRACHAINCÈDE
LAINNOLVOZPOSPLUTIFGNÉ
KEUFERQUÉCHONCXAPAINJÉF
NAANSTINMIAFICGUETNEZ
